{"C:\\Users\\pamel\\OneDrive\\Área de Trabalho\\Desenvolve da Boticario\\backend_cosmetics\\src\\models\\Produto.js": {"path":"C:\\Users\\pamel\\OneDrive\\Área de Trabalho\\Desenvolve da Boticario\\backend_cosmetics\\src\\models\\Produto.js","statementMap":{"0":{"start":{"line":3,"column":22},"end":{"line":12,"column":25}},"1":{"start":{"line":14,"column":16},"end":{"line":14,"column":57}}},"fnMap":{},"branchMap":{},"s":{"0":1,"1":1},"f":{},"b":{},"_coverageSchema":"1a1c01bbd47fc00a2c39e90264f33305004495a9","hash":"fc6b88e3c6f630ce610f993c15d6f21ab80d76fb"}
}
